2019-03-07 09:42:00,368 [Worker-3: Loading available Gradle versions] INFO  o.e.b.c.i.u.g.PublishedGradleVersions - Gradle version information cache is up-to-date. Trying to read.
2019-03-07 09:42:43,172 [Worker-4: Building workspace] INFO  o.e.m.c.i.l.LifecycleMappingFactory - Using org.eclipse.m2e.jdt.JarLifecycleMapping lifecycle mapping for MavenProject: com:hotelooka.domain:0.0.1-SNAPSHOT @ C:\SPRINGBOOT\hotelooka\hotelooka.domain\pom.xml.
2019-03-07 09:42:43,172 [Worker-7: Updating Maven Dependencies] INFO  o.e.m.c.i.l.LifecycleMappingFactory - Using org.eclipse.m2e.jdt.JarLifecycleMapping lifecycle mapping for MavenProject: com:hotelooka.web:0.0.1-SNAPSHOT @ C:\SPRINGBOOT\hotelooka\hotelooka.web\pom.xml.
2019-03-07 09:42:44,057 [Worker-7: Updating Maven Dependencies] WARN  o.e.m.c.i.embedder.EclipseLogger - The POM for com:hotelooka.persistence:jar:0.0.1-SNAPSHOT is missing, no dependency information available
2019-03-07 09:42:44,062 [Worker-7: Updating Maven Dependencies] WARN  o.e.m.c.i.embedder.EclipseLogger - The POM for com:hotelooka.service:jar:0.0.1-SNAPSHOT is missing, no dependency information available
2019-03-07 09:42:47,049 [Worker-4: Building workspace] INFO  o.e.m.c.i.embedder.EclipseLogger - Using 'UTF-8' encoding to copy filtered resources.
2019-03-07 09:42:47,050 [Worker-4: Building workspace] INFO  o.e.m.c.i.embedder.EclipseLogger - skip non existing resourceDirectory C:\SPRINGBOOT\hotelooka\hotelooka.domain\src\main\resources
2019-03-07 09:42:47,050 [Worker-4: Building workspace] INFO  o.e.m.c.i.embedder.EclipseLogger - skip non existing resourceDirectory C:\SPRINGBOOT\hotelooka\hotelooka.domain\src\main\resources
2019-03-07 09:42:47,053 [Worker-4: Building workspace] INFO  o.e.m.c.i.embedder.EclipseLogger - Using 'UTF-8' encoding to copy filtered resources.
2019-03-07 09:42:47,053 [Worker-4: Building workspace] INFO  o.e.m.c.i.embedder.EclipseLogger - skip non existing resourceDirectory C:\SPRINGBOOT\hotelooka\hotelooka.domain\src\test\resources
2019-03-07 09:42:48,847 [Worker-0: Building workspace] INFO  o.e.m.c.i.embedder.EclipseLogger - Using 'UTF-8' encoding to copy filtered resources.
2019-03-07 09:42:48,852 [Worker-0: Building workspace] INFO  o.e.m.c.i.embedder.EclipseLogger - skip non existing resourceDirectory C:\SPRINGBOOT\hotelooka\hotelooka.domain\src\main\resources
2019-03-07 09:42:48,853 [Worker-0: Building workspace] INFO  o.e.m.c.i.embedder.EclipseLogger - skip non existing resourceDirectory C:\SPRINGBOOT\hotelooka\hotelooka.domain\src\main\resources
2019-03-07 09:42:48,857 [Worker-0: Building workspace] INFO  o.e.m.c.i.embedder.EclipseLogger - Using 'UTF-8' encoding to copy filtered resources.
2019-03-07 09:42:48,860 [Worker-0: Building workspace] INFO  o.e.m.c.i.embedder.EclipseLogger - skip non existing resourceDirectory C:\SPRINGBOOT\hotelooka\hotelooka.domain\src\test\resources
2019-03-07 09:42:49,190 [Worker-5: Updating Maven Dependencies] INFO  o.e.m.c.i.l.LifecycleMappingFactory - Using org.eclipse.m2e.jdt.JarLifecycleMapping lifecycle mapping for MavenProject: com:hotelooka.web:0.0.1-SNAPSHOT @ C:\SPRINGBOOT\hotelooka\hotelooka.web\pom.xml.
2019-03-07 09:42:49,526 [Worker-5: Updating Maven Dependencies] WARN  o.e.m.c.i.embedder.EclipseLogger - The POM for com:hotelooka.persistence:jar:0.0.1-SNAPSHOT is missing, no dependency information available
2019-03-07 09:42:49,529 [Worker-5: Updating Maven Dependencies] WARN  o.e.m.c.i.embedder.EclipseLogger - The POM for com:hotelooka.service:jar:0.0.1-SNAPSHOT is missing, no dependency information available
2019-03-07 09:42:49,681 [Worker-0: Building workspace] INFO  o.e.m.c.i.l.LifecycleMappingFactory - Using org.eclipse.m2e.jdt.JarLifecycleMapping lifecycle mapping for MavenProject: com:hotelooka.persistence:0.0.1-SNAPSHOT @ C:\SPRINGBOOT\hotelooka\hotelooka.persistence\pom.xml.
2019-03-07 09:42:50,064 [Worker-0: Building workspace] INFO  o.e.m.c.i.p.WorkspaceClassifierResolverManager - Resolving P/hotelooka.domain: com:hotelooka.domain:0.0.1-SNAPSHOT with classifier  to /hotelooka.domain/target/classes
2019-03-07 09:42:51,789 [Worker-0: Building workspace] INFO  o.e.m.c.i.embedder.EclipseLogger - Using 'UTF-8' encoding to copy filtered resources.
2019-03-07 09:42:51,790 [Worker-0: Building workspace] INFO  o.e.m.c.i.embedder.EclipseLogger - skip non existing resourceDirectory C:\SPRINGBOOT\hotelooka\hotelooka.persistence\src\main\resources
2019-03-07 09:42:51,790 [Worker-0: Building workspace] INFO  o.e.m.c.i.embedder.EclipseLogger - skip non existing resourceDirectory C:\SPRINGBOOT\hotelooka\hotelooka.persistence\src\main\resources
2019-03-07 09:42:51,792 [Worker-0: Building workspace] INFO  o.e.m.c.i.embedder.EclipseLogger - Using 'UTF-8' encoding to copy filtered resources.
2019-03-07 09:42:51,792 [Worker-0: Building workspace] INFO  o.e.m.c.i.embedder.EclipseLogger - skip non existing resourceDirectory C:\SPRINGBOOT\hotelooka\hotelooka.persistence\src\test\resources
2019-03-07 09:42:53,456 [Worker-1: Building workspace] INFO  o.e.m.c.i.p.WorkspaceClassifierResolverManager - Resolving P/hotelooka.domain: com:hotelooka.domain:0.0.1-SNAPSHOT with classifier  to /hotelooka.domain/target/classes
2019-03-07 09:42:53,492 [Worker-1: Building workspace] INFO  o.e.m.c.i.embedder.EclipseLogger - Using 'UTF-8' encoding to copy filtered resources.
2019-03-07 09:42:53,493 [Worker-1: Building workspace] INFO  o.e.m.c.i.embedder.EclipseLogger - skip non existing resourceDirectory C:\SPRINGBOOT\hotelooka\hotelooka.persistence\src\main\resources
2019-03-07 09:42:53,493 [Worker-1: Building workspace] INFO  o.e.m.c.i.embedder.EclipseLogger - skip non existing resourceDirectory C:\SPRINGBOOT\hotelooka\hotelooka.persistence\src\main\resources
2019-03-07 09:42:53,495 [Worker-1: Building workspace] INFO  o.e.m.c.i.embedder.EclipseLogger - Using 'UTF-8' encoding to copy filtered resources.
2019-03-07 09:42:53,495 [Worker-1: Building workspace] INFO  o.e.m.c.i.embedder.EclipseLogger - skip non existing resourceDirectory C:\SPRINGBOOT\hotelooka\hotelooka.persistence\src\test\resources
2019-03-07 09:42:53,891 [Worker-6: Updating Maven Dependencies] INFO  o.e.m.c.i.l.LifecycleMappingFactory - Using org.eclipse.m2e.jdt.JarLifecycleMapping lifecycle mapping for MavenProject: com:hotelooka.web:0.0.1-SNAPSHOT @ C:\SPRINGBOOT\hotelooka\hotelooka.web\pom.xml.
2019-03-07 09:42:54,312 [Worker-1: Building workspace] INFO  o.e.m.c.i.l.LifecycleMappingFactory - Using NULL lifecycle mapping for MavenProject: com:hotelooka.service:0.0.1-SNAPSHOT @ C:\SPRINGBOOT\hotelooka\hotelooka.service\pom.xml.
2019-03-07 09:42:54,356 [Worker-6: Updating Maven Dependencies] WARN  o.e.m.c.i.embedder.EclipseLogger - The POM for com:hotelooka.service:jar:0.0.1-SNAPSHOT is missing, no dependency information available
2019-03-07 09:42:54,671 [Worker-6: Updating Maven Dependencies] INFO  o.e.m.c.i.p.WorkspaceClassifierResolverManager - Resolving P/hotelooka.persistence: com:hotelooka.persistence:0.0.1-SNAPSHOT with classifier  to /hotelooka.persistence/target/classes
2019-03-07 09:42:54,671 [Worker-6: Updating Maven Dependencies] INFO  o.e.m.c.i.p.WorkspaceClassifierResolverManager - Resolving P/hotelooka.domain: com:hotelooka.domain:0.0.1-SNAPSHOT with classifier  to /hotelooka.domain/target/classes
2019-03-07 09:42:54,856 [Worker-1: Building workspace] INFO  o.e.m.c.i.p.WorkspaceClassifierResolverManager - Resolving P/hotelooka.persistence: com:hotelooka.persistence:0.0.1-SNAPSHOT with classifier  to /hotelooka.persistence/target/classes
2019-03-07 09:42:54,858 [Worker-1: Building workspace] INFO  o.e.m.c.i.p.WorkspaceClassifierResolverManager - Resolving P/hotelooka.domain: com:hotelooka.domain:0.0.1-SNAPSHOT with classifier  to /hotelooka.domain/target/classes
2019-03-07 09:42:57,224 [Worker-5: Building workspace] INFO  o.e.m.c.i.p.WorkspaceClassifierResolverManager - Resolving P/hotelooka.persistence: com:hotelooka.persistence:0.0.1-SNAPSHOT with classifier  to /hotelooka.persistence/target/classes
2019-03-07 09:42:57,225 [Worker-5: Building workspace] INFO  o.e.m.c.i.p.WorkspaceClassifierResolverManager - Resolving P/hotelooka.domain: com:hotelooka.domain:0.0.1-SNAPSHOT with classifier  to /hotelooka.domain/target/classes
2019-03-07 09:42:58,155 [Worker-7: Updating Maven Dependencies] INFO  o.e.m.c.i.l.LifecycleMappingFactory - Using org.eclipse.m2e.jdt.JarLifecycleMapping lifecycle mapping for MavenProject: com:hotelooka.web:0.0.1-SNAPSHOT @ C:\SPRINGBOOT\hotelooka\hotelooka.web\pom.xml.
2019-03-07 09:42:58,741 [Worker-5: Building workspace] INFO  o.e.m.c.i.l.LifecycleMappingFactory - Using org.eclipse.m2e.jdt.JarLifecycleMapping lifecycle mapping for MavenProject: com:hotelooka.web:0.0.1-SNAPSHOT @ C:\SPRINGBOOT\hotelooka\hotelooka.web\pom.xml.
2019-03-07 09:42:58,867 [Worker-7: Updating Maven Dependencies] INFO  o.e.m.c.i.p.WorkspaceClassifierResolverManager - Resolving P/hotelooka.persistence: com:hotelooka.persistence:0.0.1-SNAPSHOT with classifier  to /hotelooka.persistence/target/classes
2019-03-07 09:42:58,867 [Worker-7: Updating Maven Dependencies] INFO  o.e.m.c.i.p.WorkspaceClassifierResolverManager - Resolving P/hotelooka.domain: com:hotelooka.domain:0.0.1-SNAPSHOT with classifier  to /hotelooka.domain/target/classes
2019-03-07 09:42:58,868 [Worker-7: Updating Maven Dependencies] INFO  o.e.m.c.i.p.WorkspaceClassifierResolverManager - Resolving P/hotelooka.service: com:hotelooka.service:0.0.1-SNAPSHOT with classifier  to /hotelooka.service/target/classes
2019-03-07 09:42:59,451 [Worker-5: Building workspace] INFO  o.e.m.c.i.p.WorkspaceClassifierResolverManager - Resolving P/hotelooka.persistence: com:hotelooka.persistence:0.0.1-SNAPSHOT with classifier  to /hotelooka.persistence/target/classes
2019-03-07 09:42:59,452 [Worker-5: Building workspace] INFO  o.e.m.c.i.p.WorkspaceClassifierResolverManager - Resolving P/hotelooka.domain: com:hotelooka.domain:0.0.1-SNAPSHOT with classifier  to /hotelooka.domain/target/classes
2019-03-07 09:42:59,452 [Worker-5: Building workspace] INFO  o.e.m.c.i.p.WorkspaceClassifierResolverManager - Resolving P/hotelooka.service: com:hotelooka.service:0.0.1-SNAPSHOT with classifier  to /hotelooka.service/target/classes
2019-03-07 09:43:01,255 [Worker-5: Building workspace] INFO  o.e.m.c.i.embedder.EclipseLogger - Using 'UTF-8' encoding to copy filtered resources.
2019-03-07 09:43:01,260 [Worker-5: Building workspace] INFO  o.e.m.c.i.embedder.EclipseLogger - Copying 1 resource
2019-03-07 09:43:01,293 [Worker-5: Building workspace] INFO  o.e.m.c.i.embedder.EclipseLogger - Copying 2 resources
2019-03-07 09:43:01,318 [Worker-5: Building workspace] INFO  o.e.m.c.i.embedder.EclipseLogger - Using 'UTF-8' encoding to copy filtered resources.
2019-03-07 09:43:01,319 [Worker-5: Building workspace] INFO  o.e.m.c.i.embedder.EclipseLogger - skip non existing resourceDirectory C:\SPRINGBOOT\hotelooka\hotelooka.web\src\test\resources
2019-03-07 09:43:03,279 [Worker-3: Updating Maven Dependencies] INFO  o.e.m.c.i.l.LifecycleMappingFactory - Using org.eclipse.m2e.jdt.JarLifecycleMapping lifecycle mapping for MavenProject: com:hotelooka.web:0.0.1-SNAPSHOT @ C:\SPRINGBOOT\hotelooka\hotelooka.web\pom.xml.
2019-03-07 09:43:03,674 [Worker-5: Building workspace] INFO  o.e.m.c.i.p.WorkspaceClassifierResolverManager - Resolving P/hotelooka.persistence: com:hotelooka.persistence:0.0.1-SNAPSHOT with classifier  to /hotelooka.persistence/target/classes
2019-03-07 09:43:03,674 [Worker-5: Building workspace] INFO  o.e.m.c.i.p.WorkspaceClassifierResolverManager - Resolving P/hotelooka.domain: com:hotelooka.domain:0.0.1-SNAPSHOT with classifier  to /hotelooka.domain/target/classes
2019-03-07 09:43:03,674 [Worker-5: Building workspace] INFO  o.e.m.c.i.p.WorkspaceClassifierResolverManager - Resolving P/hotelooka.service: com:hotelooka.service:0.0.1-SNAPSHOT with classifier  to /hotelooka.service/target/classes
2019-03-07 09:43:03,721 [Worker-5: Building workspace] INFO  o.e.m.c.i.embedder.EclipseLogger - Using 'UTF-8' encoding to copy filtered resources.
2019-03-07 09:43:03,724 [Worker-5: Building workspace] INFO  o.e.m.c.i.embedder.EclipseLogger - Copying 1 resource
2019-03-07 09:43:03,729 [Worker-5: Building workspace] INFO  o.e.m.c.i.embedder.EclipseLogger - Copying 2 resources
2019-03-07 09:43:03,737 [Worker-5: Building workspace] INFO  o.e.m.c.i.embedder.EclipseLogger - Using 'UTF-8' encoding to copy filtered resources.
2019-03-07 09:43:03,737 [Worker-5: Building workspace] INFO  o.e.m.c.i.embedder.EclipseLogger - skip non existing resourceDirectory C:\SPRINGBOOT\hotelooka\hotelooka.web\src\test\resources
2019-03-07 09:43:03,800 [Worker-3: Updating Maven Dependencies] INFO  o.e.m.c.i.p.WorkspaceClassifierResolverManager - Resolving P/hotelooka.persistence: com:hotelooka.persistence:0.0.1-SNAPSHOT with classifier  to /hotelooka.persistence/target/classes
2019-03-07 09:43:03,801 [Worker-3: Updating Maven Dependencies] INFO  o.e.m.c.i.p.WorkspaceClassifierResolverManager - Resolving P/hotelooka.domain: com:hotelooka.domain:0.0.1-SNAPSHOT with classifier  to /hotelooka.domain/target/classes
2019-03-07 09:43:03,801 [Worker-3: Updating Maven Dependencies] INFO  o.e.m.c.i.p.WorkspaceClassifierResolverManager - Resolving P/hotelooka.service: com:hotelooka.service:0.0.1-SNAPSHOT with classifier  to /hotelooka.service/target/classes
2019-03-07 09:43:05,649 [Worker-4: Building workspace] INFO  o.e.m.c.i.p.WorkspaceClassifierResolverManager - Resolving P/hotelooka.persistence: com:hotelooka.persistence:0.0.1-SNAPSHOT with classifier  to /hotelooka.persistence/target/classes
2019-03-07 09:43:05,649 [Worker-4: Building workspace] INFO  o.e.m.c.i.p.WorkspaceClassifierResolverManager - Resolving P/hotelooka.domain: com:hotelooka.domain:0.0.1-SNAPSHOT with classifier  to /hotelooka.domain/target/classes
2019-03-07 09:43:05,649 [Worker-4: Building workspace] INFO  o.e.m.c.i.p.WorkspaceClassifierResolverManager - Resolving P/hotelooka.service: com:hotelooka.service:0.0.1-SNAPSHOT with classifier  to /hotelooka.service/target/classes
2019-03-07 09:43:05,668 [Worker-4: Building workspace] INFO  o.e.m.c.i.embedder.EclipseLogger - Using 'UTF-8' encoding to copy filtered resources.
2019-03-07 09:43:05,669 [Worker-4: Building workspace] INFO  o.e.m.c.i.embedder.EclipseLogger - Copying 1 resource
2019-03-07 09:43:05,673 [Worker-4: Building workspace] INFO  o.e.m.c.i.embedder.EclipseLogger - Copying 2 resources
2019-03-07 09:43:05,675 [Worker-4: Building workspace] INFO  o.e.m.c.i.embedder.EclipseLogger - Using 'UTF-8' encoding to copy filtered resources.
2019-03-07 09:43:05,675 [Worker-4: Building workspace] INFO  o.e.m.c.i.embedder.EclipseLogger - skip non existing resourceDirectory C:\SPRINGBOOT\hotelooka\hotelooka.web\src\test\resources
